Build started 4/7/2015 10:09:28 AM.
     1>Project "C:\Users\drorm\Desktop\MathGame\MathGameProject\MathGameProject\MathGameProject.vcxproj" on node 2 (Build target(s)).
     1>ClCompile:
         C:\Program Files (x86)\Microsoft Visual Studio 12.0\VC\bin\CL.exe /c /ZI /nologo /W3 /WX- /sdl /Od /Oy- /D WIN32 /D _DEBUG /D _CONSOLE /D _LIB /D _UNICODE /D UNICODE /Gm /EHsc /RTC1 /MDd /GS /fp:precise /Zc:wchar_t /Zc:forScope /Fo"Debug\\" /Fd"Debug\vc120.pdb" /Gd /TP /analyze- /errorReport:prompt ..\..\Exercise.cpp ..\..\GameManager.cpp ..\..\Player.cpp ..\..\main.cpp
         main.cpp
     1>c:\users\drorm\desktop\mathgame\main.cpp(52): error C2597: illegal reference to non-static member 'GameManager::clockTicksCurrentLevel'
     1>c:\users\drorm\desktop\mathgame\main.cpp(52): error C3867: 'GameManager::clockTicksCurrentLevel': function call missing argument list; use '&GameManager::clockTicksCurrentLevel' to create a pointer to member
     1>c:\users\drorm\desktop\mathgame\main.cpp(58): error C2597: illegal reference to non-static member 'GameManager::currentLevel'
     1>c:\users\drorm\desktop\mathgame\main.cpp(58): error C3867: 'GameManager::currentLevel': function call missing argument list; use '&GameManager::currentLevel' to create a pointer to member
     1>c:\users\drorm\desktop\mathgame\main.cpp(227): error C2259: 'TheMathGame' : cannot instantiate abstract class
                 due to following members:
                 'bool ISpecificGame::isLevelDone(void) const' : is abstract
                 c:\users\drorm\desktop\mathgame\ispecificgame.h(42) : see declaration of 'ISpecificGame::isLevelDone'
     1>c:\users\drorm\desktop\mathgame\main.cpp(227): error C2228: left of '.run' must have class/struct/union
         Player.cpp
     1>c:\users\drorm\desktop\mathgame\player.cpp(47): error C2270: 'isPlayerAlive' : modifiers not allowed on nonmember functions
     1>c:\users\drorm\desktop\mathgame\player.cpp(48): error C2065: 'playerAlive' : undeclared identifier
     1>c:\users\drorm\desktop\mathgame\player.cpp(50): error C2270: 'isPlayerDone' : modifiers not allowed on nonmember functions
     1>c:\users\drorm\desktop\mathgame\player.cpp(51): error C2065: 'playerDone' : undeclared identifier
         GameManager.cpp
         Exercise.cpp
         Generating Code...
     1>Done Building Project "C:\Users\drorm\Desktop\MathGame\MathGameProject\MathGameProject\MathGameProject.vcxproj" (Build target(s)) -- FAILED.

Build FAILED.

Time Elapsed 00:00:04.21
